2021-06-18 17:26:15 0 [Note] InnoDB: Mutexes and rw_locks use Windows interlocked functions
2021-06-18 17:26:15 0 [Note] InnoDB: Uses event mutexes
2021-06-18 17:26:15 0 [Note] InnoDB: Compressed tables use zlib 1.2.11
2021-06-18 17:26:15 0 [Note] InnoDB: Number of pools: 1
2021-06-18 17:26:15 0 [Note] InnoDB: Using SSE2 crc32 instructions
2021-06-18 17:26:15 0 [Note] InnoDB: Initializing buffer pool, total size = 16M, instances = 1, chunk size = 16M
2021-06-18 17:26:15 0 [Note] InnoDB: Completed initialization of buffer pool
2021-06-18 17:26:15 0 [Note] InnoDB: Starting crash recovery from checkpoint LSN=300288
2021-06-18 17:26:16 0 [Note] InnoDB: 128 out of 128 rollback segments are active.
2021-06-18 17:26:16 0 [Note] InnoDB: Removed temporary tablespace data file: "ibtmp1"
2021-06-18 17:26:16 0 [Note] InnoDB: Creating shared tablespace for temporary tables
2021-06-18 17:26:16 0 [Note] InnoDB: Setting file 'C:\xampp\mysql\data\ibtmp1' size to 12 MB. Physically writing the file full; Please wait ...
2021-06-18 17:26:16 0 [Note] InnoDB: File 'C:\xampp\mysql\data\ibtmp1' size is now 12 MB.
2021-06-18 17:26:16 0 [Note] InnoDB: Waiting for purge to start
2021-06-18 17:26:16 0 [Note] InnoDB: 10.4.19 started; log sequence number 300297; transaction id 170
2021-06-18 17:26:16 0 [Note] InnoDB: Loading buffer pool(s) from C:\xampp\mysql\data\ib_buffer_pool
2021-06-18 17:26:16 0 [Note] Plugin 'FEEDBACK' is disabled.
2021-06-18 17:26:16 0 [Note] Server socket created on IP: '::'.
2021-06-18 17:30:40 0 [Note] InnoDB: Mutexes and rw_locks use Windows interlocked functions
2021-06-18 17:30:40 0 [Note] InnoDB: Uses event mutexes
2021-06-18 17:30:40 0 [Note] InnoDB: Compressed tables use zlib 1.2.11
2021-06-18 17:30:40 0 [Note] InnoDB: Number of pools: 1
2021-06-18 17:30:40 0 [Note] InnoDB: Using SSE2 crc32 instructions
2021-06-18 17:30:40 0 [Note] InnoDB: Initializing buffer pool, total size = 16M, instances = 1, chunk size = 16M
2021-06-18 17:30:40 0 [Note] InnoDB: Completed initialization of buffer pool
2021-06-18 17:30:40 0 [Note] InnoDB: Starting crash recovery from checkpoint LSN=300306
2021-06-18 17:30:40 0 [Note] InnoDB: 128 out of 128 rollback segments are active.
2021-06-18 17:30:40 0 [Note] InnoDB: Removed temporary tablespace data file: "ibtmp1"
2021-06-18 17:30:40 0 [Note] InnoDB: Creating shared tablespace for temporary tables
2021-06-18 17:30:40 0 [Note] InnoDB: Setting file 'C:\xampp\mysql\data\ibtmp1' size to 12 MB. Physically writing the file full; Please wait ...
2021-06-18 17:30:40 0 [Note] InnoDB: File 'C:\xampp\mysql\data\ibtmp1' size is now 12 MB.
2021-06-18 17:30:40 0 [Note] InnoDB: Waiting for purge to start
2021-06-18 17:30:40 0 [Note] InnoDB: 10.4.19 started; log sequence number 300315; transaction id 170
2021-06-18 17:30:40 0 [Note] InnoDB: Loading buffer pool(s) from C:\xampp\mysql\data\ib_buffer_pool
2021-06-18 17:30:40 0 [Note] Plugin 'FEEDBACK' is disabled.
2021-06-18 17:30:40 0 [Note] Server socket created on IP: '::'.
2021-06-18 17:30:40 0 [Note] InnoDB: Buffer pool(s) load completed at 210618 17:30:40
2021-06-18 18:27:05 0 [Note] InnoDB: Mutexes and rw_locks use Windows interlocked functions
2021-06-18 18:27:05 0 [Note] InnoDB: Uses event mutexes
2021-06-18 18:27:05 0 [Note] InnoDB: Compressed tables use zlib 1.2.11
2021-06-18 18:27:05 0 [Note] InnoDB: Number of pools: 1
2021-06-18 18:27:05 0 [Note] InnoDB: Using SSE2 crc32 instructions
2021-06-18 18:27:05 0 [Note] InnoDB: Initializing buffer pool, total size = 16M, instances = 1, chunk size = 16M
2021-06-18 18:27:05 0 [Note] InnoDB: Completed initialization of buffer pool
2021-06-18 18:27:05 0 [Note] InnoDB: Starting crash recovery from checkpoint LSN=304524
2021-06-18 18:27:05 0 [Note] InnoDB: 128 out of 128 rollback segments are active.
2021-06-18 18:27:05 0 [Note] InnoDB: Removed temporary tablespace data file: "ibtmp1"
2021-06-18 18:27:05 0 [Note] InnoDB: Creating shared tablespace for temporary tables
2021-06-18 18:27:05 0 [Note] InnoDB: Setting file 'C:\xampp\mysql\data\ibtmp1' size to 12 MB. Physically writing the file full; Please wait ...
2021-06-18 18:27:05 0 [Note] InnoDB: File 'C:\xampp\mysql\data\ibtmp1' size is now 12 MB.
2021-06-18 18:27:05 0 [Note] InnoDB: Waiting for purge to start
2021-06-18 18:27:06 0 [Note] InnoDB: 10.4.19 started; log sequence number 304533; transaction id 201
2021-06-18 18:27:06 0 [Note] InnoDB: Loading buffer pool(s) from C:\xampp\mysql\data\ib_buffer_pool
2021-06-18 18:27:06 0 [Note] Plugin 'FEEDBACK' is disabled.
2021-06-18 18:27:06 0 [Note] Server socket created on IP: '::'.
2021-06-18 18:28:04 0 [Note] InnoDB: Mutexes and rw_locks use Windows interlocked functions
2021-06-18 18:28:04 0 [Note] InnoDB: Uses event mutexes
2021-06-18 18:28:04 0 [Note] InnoDB: Compressed tables use zlib 1.2.11
2021-06-18 18:28:04 0 [Note] InnoDB: Number of pools: 1
2021-06-18 18:28:04 0 [Note] InnoDB: Using SSE2 crc32 instructions
2021-06-18 18:28:04 0 [Note] InnoDB: Initializing buffer pool, total size = 16M, instances = 1, chunk size = 16M
2021-06-18 18:28:04 0 [Note] InnoDB: Completed initialization of buffer pool
2021-06-18 18:28:04 0 [Note] InnoDB: Starting crash recovery from checkpoint LSN=304854
2021-06-18 18:28:04 0 [Note] InnoDB: 128 out of 128 rollback segments are active.
2021-06-18 18:28:04 0 [Note] InnoDB: Removed temporary tablespace data file: "ibtmp1"
2021-06-18 18:28:04 0 [Note] InnoDB: Creating shared tablespace for temporary tables
2021-06-18 18:28:04 0 [Note] InnoDB: Setting file 'C:\xampp\mysql\data\ibtmp1' size to 12 MB. Physically writing the file full; Please wait ...
2021-06-18 18:28:04 0 [Note] InnoDB: File 'C:\xampp\mysql\data\ibtmp1' size is now 12 MB.
2021-06-18 18:28:04 0 [Note] InnoDB: Waiting for purge to start
2021-06-18 18:28:04 0 [Note] InnoDB: 10.4.19 started; log sequence number 304863; transaction id 208
2021-06-18 18:28:04 0 [Note] InnoDB: Loading buffer pool(s) from C:\xampp\mysql\data\ib_buffer_pool
2021-06-18 18:28:04 0 [Note] Plugin 'FEEDBACK' is disabled.
2021-06-18 18:28:04 0 [Note] Server socket created on IP: '::'.
2021-06-18 18:57:47 0 [Note] InnoDB: Mutexes and rw_locks use Windows interlocked functions
2021-06-18 18:57:47 0 [Note] InnoDB: Uses event mutexes
2021-06-18 18:57:47 0 [Note] InnoDB: Compressed tables use zlib 1.2.11
2021-06-18 18:57:47 0 [Note] InnoDB: Number of pools: 1
2021-06-18 18:57:47 0 [Note] InnoDB: Using SSE2 crc32 instructions
2021-06-18 18:57:47 0 [Note] InnoDB: Initializing buffer pool, total size = 16M, instances = 1, chunk size = 16M
2021-06-18 18:57:47 0 [Note] InnoDB: Completed initialization of buffer pool
2021-06-18 18:57:47 0 [Note] InnoDB: Starting crash recovery from checkpoint LSN=308318
2021-06-18 18:57:47 0 [Note] InnoDB: 128 out of 128 rollback segments are active.
2021-06-18 18:57:47 0 [Note] InnoDB: Removed temporary tablespace data file: "ibtmp1"
2021-06-18 18:57:47 0 [Note] InnoDB: Creating shared tablespace for temporary tables
2021-06-18 18:57:47 0 [Note] InnoDB: Setting file 'C:\xampp\mysql\data\ibtmp1' size to 12 MB. Physically writing the file full; Please wait ...
2021-06-18 18:57:47 0 [Note] InnoDB: File 'C:\xampp\mysql\data\ibtmp1' size is now 12 MB.
2021-06-18 18:57:47 0 [Note] InnoDB: Waiting for purge to start
2021-06-18 18:57:47 0 [Note] InnoDB: 10.4.19 started; log sequence number 308327; transaction id 221
2021-06-18 18:57:47 0 [Note] InnoDB: Loading buffer pool(s) from C:\xampp\mysql\data\ib_buffer_pool
2021-06-18 18:57:47 0 [Note] Plugin 'FEEDBACK' is disabled.
2021-06-18 18:57:47 0 [Note] Server socket created on IP: '::'.
2021-06-18 18:57:47 0 [Note] InnoDB: Buffer pool(s) load completed at 2021-06-18 19:41:42 0 [Note] InnoDB: Mutexes and rw_locks use Windows interlocked functions
2021-06-18 19:41:42 0 [Note] InnoDB: Uses event mutexes
2021-06-18 19:41:42 0 [Note] InnoDB: Compressed tables use zlib 1.2.11
2021-06-18 19:41:42 0 [Note] InnoDB: Number of pools: 1
2021-06-18 19:41:42 0 [Note] InnoDB: Using SSE2 crc32 instructions
2021-06-18 19:41:42 0 [Note] InnoDB: Initializing buffer pool, total size = 16M, instances = 1, chunk size = 16M
2021-06-18 19:41:42 0 [Note] InnoDB: Completed initialization of buffer pool
2021-06-18 19:41:42 0 [Note] InnoDB: Starting crash recovery from checkpoint LSN=338610
2021-06-18 19:41:42 0 [Note] InnoDB: 128 out of 128 rollback segments are active.
2021-06-18 19:41:42 0 [Note] InnoDB: Removed temporary tablespace data file: "ibtmp1"
2021-06-18 19:41:42 0 [Note] InnoDB: Creating shared tablespace for temporary tables
2021-06-18 19:41:42 0 [Note] InnoDB: Setting file 'C:\xampp\mysql\data\ibtmp1' size to 12 MB. Physically writing the file full; Please wait ...
2021-06-18 19:41:42 0 [Note] InnoDB: File 'C:\xampp\mysql\data\ibtmp1' size is now 12 MB.
2021-06-18 19:41:42 0 [Note] InnoDB: Waiting for purge to start
2021-06-18 19:41:42 0 [Note] InnoDB: 10.4.19 started; log sequence number 338619; transaction id 329
2021-06-18 19:41:42 0 [Note] InnoDB: Loading buffer pool(s) from C:\xampp\mysql\data\ib_buffer_pool
2021-06-18 19:41:42 0 [Note] Plugin 'FEEDBACK' is disabled.
2021-06-18 19:41:42 0 [Note] Server socket created on IP: '::'.
2021-06-18 19:41:42 0 [Note] InnoDB: Buffer pool(s) load completed at 210618 19:41:42
2021-06-18 20:12:36 0 [Note] InnoDB: Mutexes and rw_locks use Windows interlocked functions
2021-06-18 20:12:36 0 [Note] InnoDB: Uses event mutexes
2021-06-18 20:12:36 0 [Note] InnoDB: Compressed tables use zlib 1.2.11
2021-06-18 20:12:36 0 [Note] InnoDB: Number of pools: 1
2021-06-18 20:12:36 0 [Note] InnoDB: Using SSE2 crc32 instructions
2021-06-18 20:12:36 0 [Note] InnoDB: Initializing buffer pool, total size = 16M, instances = 1, chunk size = 16M
2021-06-18 20:12:36 0 [Note] InnoDB: Completed initialization of buffer pool
2021-06-18 20:12:36 0 [Note] InnoDB: Starting crash recovery from checkpoint LSN=429124
2021-06-18 20:12:37 0 [Note] InnoDB: 128 out of 128 rollback segments are active.
2021-06-18 20:12:37 0 [Note] InnoDB: Removed temporary tablespace data file: "ibtmp1"
2021-06-18 20:12:37 0 [Note] InnoDB: Creating shared tablespace for temporary tables
2021-06-18 20:12:37 0 [Note] InnoDB: Setting file 'C:\xampp\mysql\data\ibtmp1' size to 12 MB. Physically writing the file full; Please wait ...
2021-06-18 20:12:37 0 [Note] InnoDB: File 'C:\xampp\mysql\data\ibtmp1' size is now 12 MB.
2021-06-18 20:12:37 0 [Note] InnoDB: Waiting for purge to start
2021-06-18 20:12:37 0 [Note] InnoDB: 10.4.19 started; log sequence number 429133; transaction id 564
2021-06-18 20:12:37 0 [Note] InnoDB: Loading buffer pool(s) from C:\xampp\mysql\data\ib_buffer_pool
2021-06-18 20:12:37 0 [Note] Plugin 'FEEDBACK' is disabled.
2021-06-18 20:12:37 0 [Note] Server socket created on IP: '::'.
2021-06-18 21:41:25 0 [Note] InnoDB: Mutexes and rw_locks use Windows interlocked functions
2021-06-18 21:41:25 0 [Note] InnoDB: Uses event mutexes
2021-06-18 21:41:25 0 [Note] InnoDB: Compressed tables use zlib 1.2.11
2021-06-18 21:41:25 0 [Note] InnoDB: Number of pools: 1
2021-06-18 21:41:25 0 [Note] InnoDB: Using SSE2 crc32 instructions
2021-06-18 21:41:25 0 [Note] InnoDB: Initializing buffer pool, total size = 16M, instances = 1, chunk size = 16M
2021-06-18 21:41:25 0 [Note] InnoDB: Completed initialization of buffer pool
2021-06-18 21:41:25 0 [Note] InnoDB: Starting crash recovery from checkpoint LSN=429142
2021-06-18 21:41:25 0 [Note] InnoDB: 128 out of 128 rollback segments are active.
2021-06-18 21:41:25 0 [Note] InnoDB: Removed temporary tablespace data file: "ibtmp1"
2021-06-18 21:41:25 0 [Note] InnoDB: Creating shared tablespace for temporary tables
2021-06-18 21:41:25 0 [Note] InnoDB: Setting file 'C:\xampp\mysql\data\ibtmp1' size to 12 MB. Physically writing the file full; Please wait ...
2021-06-18 21:41:25 0 [Note] InnoDB: File 'C:\xampp\mysql\data\ibtmp1' size is now 12 MB.
2021-06-18 21:41:25 0 [Note] InnoDB: Waiting for purge to start
2021-06-18 21:41:25 0 [Note] InnoDB: 10.4.19 started; log sequence number 429151; transaction id 564
2021-06-18 21:41:25 0 [Note] InnoDB: Loading buffer pool(s) from C:\xampp\mysql\data\ib_buffer_pool
2021-06-18 21:41:25 0 [Note] Plugin 'FEEDBACK' is disabled.
2021-06-18 21:41:25 0 [Note] Server socket created on IP: '::'.
2021-06-19 14:40:03 0 [Note] InnoDB: Mutexes and rw_locks use Windows interlocked functions
2021-06-19 14:40:03 0 [Note] InnoDB: Uses event mutexes
2021-06-19 14:40:03 0 [Note] InnoDB: Compressed tables use zlib 1.2.11
2021-06-19 14:40:03 0 [Note] InnoDB: Number of pools: 1
2021-06-19 14:40:03 0 [Note] InnoDB: Using SSE2 crc32 instructions
2021-06-19 14:40:03 0 [Note] InnoDB: Initializing buffer pool, total size = 16M, instances = 1, chunk size = 16M
2021-06-19 14:40:03 0 [Note] InnoDB: Completed initialization of buffer pool
2021-06-19 14:40:03 0 [Note] InnoDB: Starting crash recovery from checkpoint LSN=644293
2021-06-19 14:40:03 0 [Note] InnoDB: 128 out of 128 rollback segments are active.
2021-06-19 14:40:03 0 [Note] InnoDB: Removed temporary tablespace data file: "ibtmp1"
2021-06-19 14:40:03 0 [Note] InnoDB: Creating shared tablespace for temporary tables
2021-06-19 14:40:03 0 [Note] InnoDB: Setting file 'C:\xampp\mysql\data\ibtmp1' size to 12 MB. Physically writing the file full; Please wait ...
2021-06-19 14:40:03 0 [Note] InnoDB: File 'C:\xampp\mysql\data\ibtmp1' size is now 12 MB.
2021-06-19 14:40:03 0 [Note] InnoDB: Waiting for purge to start
2021-06-19 14:40:03 0 [Note] InnoDB: 10.4.19 started; log sequence number 644302; transaction id 685
2021-06-19 14:40:03 0 [Note] InnoDB: Loading buffer pool(s) from C:\xampp\mysql\data\ib_buffer_pool
2021-06-19 14:40:03 0 [Note] Plugin 'FEEDBACK' is disabled.
2021-06-19 14:40:03 0 [Note] Server socket created on IP: '::'.
2021-06-19 14:40:03 0 [Note] InnoDB: Buffer pool(s) load completed at 210619 14:40:03
